d:\project code framework\project code framework\debug\graphics_prj.bsc
d:\project code framework\project code framework\debug\vc142.pdb
d:\project code framework\project code framework\debug\vc142.idb
d:\project code framework\project code framework\debug\main.sbr
d:\project code framework\project code framework\debug\output.sbr
d:\project code framework\project code framework\debug\input.sbr
d:\project code framework\project code framework\debug\xor3.sbr
d:\project code framework\project code framework\debug\xor2.sbr
d:\project code framework\project code framework\debug\xnor2.sbr
d:\project code framework\project code framework\debug\switch.sbr
d:\project code framework\project code framework\debug\applicationmanager.sbr
d:\project code framework\project code framework\debug\pin.sbr
d:\project code framework\project code framework\debug\outputpin.sbr
d:\project code framework\project code framework\debug\or2.sbr
d:\project code framework\project code framework\debug\not.sbr
d:\project code framework\project code framework\debug\nor3.sbr
d:\project code framework\project code framework\debug\nor2.sbr
d:\project code framework\project code framework\debug\inputpin.sbr
d:\project code framework\project code framework\debug\gate.sbr
d:\project code framework\project code framework\debug\connection.sbr
d:\project code framework\project code framework\debug\component.sbr
d:\project code framework\project code framework\debug\and2.sbr
d:\project code framework\project code framework\debug\windowinput.sbr
d:\project code framework\project code framework\debug\windowinput.obj
d:\project code framework\project code framework\debug\and2.obj
d:\project code framework\project code framework\debug\component.obj
d:\project code framework\project code framework\debug\connection.obj
d:\project code framework\project code framework\debug\gate.obj
d:\project code framework\project code framework\debug\inputpin.obj
d:\project code framework\project code framework\debug\nor2.obj
d:\project code framework\project code framework\debug\nor3.obj
d:\project code framework\project code framework\debug\not.obj
d:\project code framework\project code framework\debug\or2.obj
d:\project code framework\project code framework\debug\outputpin.obj
d:\project code framework\project code framework\debug\pin.obj
d:\project code framework\project code framework\debug\applicationmanager.obj
d:\project code framework\project code framework\debug\xnor2.obj
d:\project code framework\project code framework\debug\xor2.obj
d:\project code framework\project code framework\debug\xor3.obj
d:\project code framework\project code framework\debug\input.obj
d:\project code framework\project code framework\debug\output.obj
d:\project code framework\project code framework\debug\main.obj
d:\project code framework\project code framework\debug\mousequeue.sbr
d:\project code framework\project code framework\debug\keyqueue.sbr
d:\project code framework\project code framework\debug\image.sbr
d:\project code framework\project code framework\debug\cmugraphics.sbr
d:\project code framework\project code framework\debug\auxil.sbr
d:\project code framework\project code framework\debug\addswitch.sbr
d:\project code framework\project code framework\debug\addorgate2.sbr
d:\project code framework\project code framework\debug\addnotgate.sbr
d:\project code framework\project code framework\debug\addnorgate3.sbr
d:\project code framework\project code framework\debug\addnorgate2.sbr
d:\project code framework\project code framework\debug\addandgate2.sbr
d:\project code framework\project code framework\debug\addandgate2.obj
d:\project code framework\project code framework\debug\addnorgate2.obj
d:\project code framework\project code framework\debug\addnorgate3.obj
d:\project code framework\project code framework\debug\addnotgate.obj
d:\project code framework\project code framework\debug\addorgate2.obj
d:\project code framework\project code framework\debug\auxil.obj
d:\project code framework\project code framework\debug\cmugraphics.obj
d:\project code framework\project code framework\debug\image.obj
d:\project code framework\project code framework\debug\keyqueue.obj
d:\project code framework\project code framework\debug\mousequeue.obj
d:\project code framework\project code framework\debug\addswitch.obj
d:\project code framework\project code framework\debug\switch.obj
d:\project code framework\project code framework\debug\jutils.sbr
d:\project code framework\project code framework\debug\jquant2.sbr
d:\project code framework\project code framework\debug\jquant1.sbr
d:\project code framework\project code framework\debug\jmemnobs.sbr
d:\project code framework\project code framework\debug\jmemmgr.sbr
d:\project code framework\project code framework\debug\jidctred.sbr
d:\project code framework\project code framework\debug\jidctint.sbr
d:\project code framework\project code framework\debug\jidctfst.sbr
d:\project code framework\project code framework\debug\jidctflt.sbr
d:\project code framework\project code framework\debug\jerror.sbr
d:\project code framework\project code framework\debug\jdtrans.sbr
d:\project code framework\project code framework\debug\jdsample.sbr
d:\project code framework\project code framework\debug\jdpostct.sbr
d:\project code framework\project code framework\debug\jdphuff.sbr
d:\project code framework\project code framework\debug\jdmerge.sbr
d:\project code framework\project code framework\debug\jdmaster.sbr
d:\project code framework\project code framework\debug\jdmarker.sbr
d:\project code framework\project code framework\debug\jdmainct.sbr
d:\project code framework\project code framework\debug\jdinput.sbr
d:\project code framework\project code framework\debug\jdhuff.sbr
d:\project code framework\project code framework\debug\jdhuff.obj
d:\project code framework\project code framework\debug\jdinput.obj
d:\project code framework\project code framework\debug\jdmainct.obj
d:\project code framework\project code framework\debug\jdmarker.obj
d:\project code framework\project code framework\debug\jdmaster.obj
d:\project code framework\project code framework\debug\jdmerge.obj
d:\project code framework\project code framework\debug\jdphuff.obj
d:\project code framework\project code framework\debug\jdpostct.obj
d:\project code framework\project code framework\debug\jdsample.obj
d:\project code framework\project code framework\debug\jdtrans.obj
d:\project code framework\project code framework\debug\jerror.obj
d:\project code framework\project code framework\debug\jidctflt.obj
d:\project code framework\project code framework\debug\jidctfst.obj
d:\project code framework\project code framework\debug\jidctint.obj
d:\project code framework\project code framework\debug\jidctred.obj
d:\project code framework\project code framework\debug\jmemmgr.obj
d:\project code framework\project code framework\debug\jmemnobs.obj
d:\project code framework\project code framework\debug\jquant1.obj
d:\project code framework\project code framework\debug\jquant2.obj
d:\project code framework\project code framework\debug\jutils.obj
d:\project code framework\project code framework\debug\jddctmgr.sbr
d:\project code framework\project code framework\debug\jdcolor.sbr
d:\project code framework\project code framework\debug\jdcoefct.sbr
d:\project code framework\project code framework\debug\jdatasrc.sbr
d:\project code framework\project code framework\debug\jdapistd.sbr
d:\project code framework\project code framework\debug\jdapimin.sbr
d:\project code framework\project code framework\debug\jcparam.sbr
d:\project code framework\project code framework\debug\jcomapi.sbr
d:\project code framework\project code framework\debug\jpegload.sbr
d:\project code framework\project code framework\debug\jpegload.obj
d:\project code framework\project code framework\debug\jcomapi.obj
d:\project code framework\project code framework\debug\jcparam.obj
d:\project code framework\project code framework\debug\jdapimin.obj
d:\project code framework\project code framework\debug\jdapistd.obj
d:\project code framework\project code framework\debug\jdatasrc.obj
d:\project code framework\project code framework\debug\jdcoefct.obj
d:\project code framework\project code framework\debug\jdcolor.obj
d:\project code framework\project code framework\debug\jddctmgr.obj
d:\project code framework\project code framework\debug\delete.sbr
d:\project code framework\project code framework\debug\delete.obj
d:\project code framework\project code framework\debug\select.sbr
d:\project code framework\project code framework\debug\select.obj
d:\project code framework\project code framework\debug\graphics_prj.exe
d:\project code framework\project code framework\debug\graphics_prj.ilk
d:\project code framework\project code framework\debug\graphics_prj.pdb
d:\project code framework\project code framework\debug\graphics_prj.tlog\bscmake.command.1.tlog
d:\project code framework\project code framework\debug\graphics_prj.tlog\bscmake.read.1.tlog
d:\project code framework\project code framework\debug\graphics_prj.tlog\bscmake.write.1.tlog
d:\project code framework\project code framework\debug\graphics_prj.tlog\cl.command.1.tlog
d:\project code framework\project code framework\debug\graphics_prj.tlog\cl.read.1.tlog
d:\project code framework\project code framework\debug\graphics_prj.tlog\cl.write.1.tlog
d:\project code framework\project code framework\debug\graphics_prj.tlog\link.command.1.tlog
d:\project code framework\project code framework\debug\graphics_prj.tlog\link.read.1.tlog
d:\project code framework\project code framework\debug\graphics_prj.tlog\link.write.1.tlog
